<?xml version="1.0" encoding="UTF-8"?>
<coverage generated="1675289270713" clover="3.2.0">
  <project timestamp="1675289270713" name="All files">
    <metrics statements="119" coveredstatements="98" conditionals="80" coveredconditionals="67" methods="21" coveredmethods="21" elements="220" coveredelements="186" complexity="0" loc="119" ncloc="119" packages="1" files="2" classes="2"/>
    <file name="routes.js" path="/Users/shengyinsi/Library/CloudStorage/GoogleDrive-sisy@seas.upenn.edu/My Drive/MCIT/CIS550/HW2/HW2_student/server/routes.js">
      <metrics statements="101" coveredstatements="80" conditionals="80" coveredconditionals="67" methods="20" coveredmethods="20"/>
      <line num="1" count="1" type="stmt"/>
      <line num="2" count="1" type="stmt"/>
      <line num="6" count="1" type="stmt"/>
      <line num="13" count="1" type="cond" truecount="1" falsecount="1"/>
      <line num="20" count="1" type="stmt"/>
      <line num="22" count="2" type="stmt"/>
      <line num="23" count="2" type="stmt"/>
      <line num="27" count="2" type="cond" truecount="2" falsecount="0"/>
      <line num="29" count="1" type="stmt"/>
      <line num="30" count="1" type="cond" truecount="1" falsecount="1"/>
      <line num="32" count="1" type="stmt"/>
      <line num="35" count="0" type="stmt"/>
      <line num="40" count="1" type="stmt"/>
      <line num="44" count="1" type="cond" truecount="1" falsecount="1"/>
      <line num="48" count="1" type="stmt"/>
      <line num="55" count="1" type="cond" truecount="3" falsecount="1"/>
      <line num="58" count="0" type="stmt"/>
      <line num="59" count="0" type="stmt"/>
      <line num="65" count="1" type="stmt"/>
      <line num="78" count="1" type="stmt"/>
      <line num="81" count="1" type="stmt"/>
      <line num="82" count="1" type="stmt"/>
      <line num="87" count="1" type="cond" truecount="3" falsecount="1"/>
      <line num="88" count="0" type="stmt"/>
      <line num="89" count="0" type="stmt"/>
      <line num="91" count="1" type="stmt"/>
      <line num="97" count="1" type="stmt"/>
      <line num="99" count="1" type="stmt"/>
      <line num="100" count="1" type="stmt"/>
      <line num="105" count="1" type="cond" truecount="3" falsecount="1"/>
      <line num="106" count="0" type="stmt"/>
      <line num="107" count="0" type="stmt"/>
      <line num="109" count="1" type="stmt"/>
      <line num="115" count="1" type="stmt"/>
      <line num="118" count="1" type="stmt"/>
      <line num="123" count="1" type="stmt"/>
      <line num="124" count="1" type="cond" truecount="3" falsecount="1"/>
      <line num="125" count="0" type="stmt"/>
      <line num="126" count="0" type="stmt"/>
      <line num="128" count="1" type="stmt"/>
      <line num="134" count="1" type="stmt"/>
      <line num="136" count="1" type="stmt"/>
      <line num="137" count="1" type="stmt"/>
      <line num="145" count="1" type="stmt"/>
      <line num="146" count="1" type="cond" truecount="3" falsecount="1"/>
      <line num="147" count="0" type="stmt"/>
      <line num="148" count="0" type="stmt"/>
      <line num="150" count="1" type="stmt"/>
      <line num="160" count="1" type="stmt"/>
      <line num="161" count="3" type="stmt"/>
      <line num="163" count="3" type="cond" truecount="2" falsecount="0"/>
      <line num="164" count="3" type="stmt"/>
      <line num="165" count="3" type="stmt"/>
      <line num="173" count="3" type="stmt"/>
      <line num="183" count="3" type="cond" truecount="2" falsecount="0"/>
      <line num="186" count="1" type="stmt"/>
      <line num="187" count="1" type="cond" truecount="3" falsecount="1"/>
      <line num="188" count="0" type="stmt"/>
      <line num="189" count="0" type="stmt"/>
      <line num="191" count="1" type="stmt"/>
      <line num="197" count="2" type="stmt"/>
      <line num="198" count="2" type="cond" truecount="3" falsecount="1"/>
      <line num="199" count="0" type="stmt"/>
      <line num="200" count="0" type="stmt"/>
      <line num="202" count="2" type="stmt"/>
      <line num="209" count="1" type="stmt"/>
      <line num="212" count="3" type="stmt"/>
      <line num="214" count="3" type="cond" truecount="2" falsecount="0"/>
      <line num="216" count="3" type="stmt"/>
      <line num="225" count="3" type="stmt"/>
      <line num="235" count="3" type="cond" truecount="2" falsecount="0"/>
      <line num="238" count="1" type="stmt"/>
      <line num="239" count="1" type="cond" truecount="3" falsecount="1"/>
      <line num="240" count="0" type="stmt"/>
      <line num="241" count="0" type="stmt"/>
      <line num="243" count="1" type="stmt"/>
      <line num="249" count="2" type="stmt"/>
      <line num="250" count="2" type="cond" truecount="3" falsecount="1"/>
      <line num="251" count="0" type="stmt"/>
      <line num="252" count="0" type="stmt"/>
      <line num="254" count="2" type="stmt"/>
      <line num="261" count="1" type="stmt"/>
      <line num="264" count="2" type="cond" truecount="2" falsecount="0"/>
      <line num="265" count="2" type="cond" truecount="2" falsecount="0"/>
      <line num="266" count="2" type="cond" truecount="2" falsecount="0"/>
      <line num="267" count="2" type="cond" truecount="2" falsecount="0"/>
      <line num="268" count="2" type="cond" truecount="2" falsecount="0"/>
      <line num="269" count="2" type="cond" truecount="2" falsecount="0"/>
      <line num="270" count="2" type="cond" truecount="2" falsecount="0"/>
      <line num="271" count="2" type="cond" truecount="2" falsecount="0"/>
      <line num="272" count="2" type="cond" truecount="2" falsecount="0"/>
      <line num="273" count="2" type="cond" truecount="2" falsecount="0"/>
      <line num="274" count="2" type="cond" truecount="2" falsecount="0"/>
      <line num="275" count="2" type="cond" truecount="2" falsecount="0"/>
      <line num="277" count="2" type="stmt"/>
      <line num="287" count="2" type="stmt"/>
      <line num="288" count="2" type="cond" truecount="3" falsecount="1"/>
      <line num="289" count="0" type="stmt"/>
      <line num="290" count="0" type="stmt"/>
      <line num="292" count="2" type="stmt"/>
      <line num="297" count="1" type="stmt"/>
    </file>
    <file name="server.js" path="/Users/shengyinsi/Library/CloudStorage/GoogleDrive-sisy@seas.upenn.edu/My Drive/MCIT/CIS550/HW2/HW2_student/server/server.js">
      <metrics statements="18" coveredstatements="18" conditionals="0" coveredconditionals="0" methods="1" coveredmethods="1"/>
      <line num="1" count="1" type="stmt"/>
      <line num="2" count="1" type="stmt"/>
      <line num="3" count="1" type="stmt"/>
      <line num="4" count="1" type="stmt"/>
      <line num="6" count="1" type="stmt"/>
      <line num="7" count="1" type="stmt"/>
      <line num="13" count="1" type="stmt"/>
      <line num="14" count="1" type="stmt"/>
      <line num="15" count="1" type="stmt"/>
      <line num="16" count="1" type="stmt"/>
      <line num="17" count="1" type="stmt"/>
      <line num="18" count="1" type="stmt"/>
      <line num="19" count="1" type="stmt"/>
      <line num="20" count="1" type="stmt"/>
      <line num="21" count="1" type="stmt"/>
      <line num="23" count="1" type="stmt"/>
      <line num="24" count="1" type="stmt"/>
      <line num="27" count="1" type="stmt"/>
    </file>
  </project>
</coverage>
