{"/Users/shengyinsi/Library/CloudStorage/GoogleDrive-sisy@seas.upenn.edu/My Drive/MCIT/CIS550/HW2/HW2_student/server/routes.js": {"path":"/Users/shengyinsi/Library/CloudStorage/GoogleDrive-sisy@seas.upenn.edu/My Drive/MCIT/CIS550/HW2/HW2_student/server/routes.js","statementMap":{"0":{"start":{"line":1,"column":14},"end":{"line":1,"column":30}},"1":{"start":{"line":2,"column":15},"end":{"line":2,"column":39}},"2":{"start":{"line":6,"column":19},"end":{"line":12,"column":2}},"3":{"start":{"line":13,"column":0},"end":{"line":13,"column":53}},"4":{"start":{"line":13,"column":28},"end":{"line":13,"column":51}},"5":{"start":{"line":20,"column":15},"end":{"line":37,"column":1}},"6":{"start":{"line":22,"column":15},"end":{"line":22,"column":28}},"7":{"start":{"line":23,"column":18},"end":{"line":23,"column":24}},"8":{"start":{"line":27,"column":2},"end":{"line":36,"column":3}},"9":{"start":{"line":29,"column":4},"end":{"line":29,"column":35}},"10":{"start":{"line":30,"column":9},"end":{"line":36,"column":3}},"11":{"start":{"line":32,"column":4},"end":{"line":32,"column":38}},"12":{"start":{"line":35,"column":4},"end":{"line":35,"column":115}},"13":{"start":{"line":40,"column":15},"end":{"line":71,"column":1}},"14":{"start":{"line":44,"column":19},"end":{"line":44,"column":56}},"15":{"start":{"line":48,"column":2},"end":{"line":70,"column":5}},"16":{"start":{"line":55,"column":4},"end":{"line":69,"column":5}},"17":{"start":{"line":58,"column":6},"end":{"line":58,"column":23}},"18":{"start":{"line":59,"column":6},"end":{"line":59,"column":19}},"19":{"start":{"line":65,"column":6},"end":{"line":68,"column":9}},"20":{"start":{"line":78,"column":13},"end":{"line":94,"column":1}},"21":{"start":{"line":81,"column":18},"end":{"line":81,"column":36}},"22":{"start":{"line":82,"column":2},"end":{"line":93,"column":5}},"23":{"start":{"line":87,"column":4},"end":{"line":92,"column":5}},"24":{"start":{"line":88,"column":6},"end":{"line":88,"column":23}},"25":{"start":{"line":89,"column":6},"end":{"line":89,"column":19}},"26":{"start":{"line":91,"column":6},"end":{"line":91,"column":24}},"27":{"start":{"line":97,"column":14},"end":{"line":112,"column":1}},"28":{"start":{"line":99,"column":19},"end":{"line":99,"column":38}},"29":{"start":{"line":100,"column":2},"end":{"line":111,"column":5}},"30":{"start":{"line":105,"column":4},"end":{"line":110,"column":5}},"31":{"start":{"line":106,"column":6},"end":{"line":106,"column":23}},"32":{"start":{"line":107,"column":6},"end":{"line":107,"column":19}},"33":{"start":{"line":109,"column":6},"end":{"line":109,"column":24}},"34":{"start":{"line":115,"column":15},"end":{"line":131,"column":1}},"35":{"start":{"line":118,"column":14},"end":{"line":122,"column":3}},"36":{"start":{"line":123,"column":2},"end":{"line":130,"column":5}},"37":{"start":{"line":124,"column":4},"end":{"line":129,"column":5}},"38":{"start":{"line":125,"column":6},"end":{"line":125,"column":23}},"39":{"start":{"line":126,"column":6},"end":{"line":126,"column":19}},"40":{"start":{"line":128,"column":6},"end":{"line":128,"column":21}},"41":{"start":{"line":134,"column":20},"end":{"line":153,"column":1}},"42":{"start":{"line":136,"column":19},"end":{"line":136,"column":38}},"43":{"start":{"line":137,"column":14},"end":{"line":144,"column":3}},"44":{"start":{"line":145,"column":2},"end":{"line":152,"column":5}},"45":{"start":{"line":146,"column":4},"end":{"line":151,"column":5}},"46":{"start":{"line":147,"column":6},"end":{"line":147,"column":23}},"47":{"start":{"line":148,"column":6},"end":{"line":148,"column":19}},"48":{"start":{"line":150,"column":6},"end":{"line":150,"column":21}},"49":{"start":{"line":160,"column":18},"end":{"line":206,"column":1}},"50":{"start":{"line":161,"column":15},"end":{"line":161,"column":29}},"51":{"start":{"line":163,"column":19},"end":{"line":163,"column":65}},"52":{"start":{"line":164,"column":17},"end":{"line":164,"column":38}},"53":{"start":{"line":165,"column":15},"end":{"line":171,"column":3}},"54":{"start":{"line":173,"column":15},"end":{"line":181,"column":3}},"55":{"start":{"line":183,"column":2},"end":{"line":205,"column":3}},"56":{"start":{"line":186,"column":4},"end":{"line":193,"column":7}},"57":{"start":{"line":187,"column":6},"end":{"line":192,"column":7}},"58":{"start":{"line":188,"column":8},"end":{"line":188,"column":25}},"59":{"start":{"line":189,"column":8},"end":{"line":189,"column":21}},"60":{"start":{"line":191,"column":8},"end":{"line":191,"column":23}},"61":{"start":{"line":197,"column":4},"end":{"line":204,"column":7}},"62":{"start":{"line":198,"column":6},"end":{"line":203,"column":7}},"63":{"start":{"line":199,"column":8},"end":{"line":199,"column":25}},"64":{"start":{"line":200,"column":8},"end":{"line":200,"column":21}},"65":{"start":{"line":202,"column":8},"end":{"line":202,"column":23}},"66":{"start":{"line":209,"column":19},"end":{"line":258,"column":1}},"67":{"start":{"line":212,"column":15},"end":{"line":212,"column":29}},"68":{"start":{"line":214,"column":19},"end":{"line":214,"column":65}},"69":{"start":{"line":216,"column":15},"end":{"line":223,"column":3}},"70":{"start":{"line":225,"column":15},"end":{"line":233,"column":3}},"71":{"start":{"line":235,"column":2},"end":{"line":257,"column":3}},"72":{"start":{"line":238,"column":4},"end":{"line":245,"column":7}},"73":{"start":{"line":239,"column":6},"end":{"line":244,"column":7}},"74":{"start":{"line":240,"column":8},"end":{"line":240,"column":25}},"75":{"start":{"line":241,"column":8},"end":{"line":241,"column":21}},"76":{"start":{"line":243,"column":8},"end":{"line":243,"column":23}},"77":{"start":{"line":249,"column":4},"end":{"line":256,"column":7}},"78":{"start":{"line":250,"column":6},"end":{"line":255,"column":7}},"79":{"start":{"line":251,"column":8},"end":{"line":251,"column":25}},"80":{"start":{"line":252,"column":8},"end":{"line":252,"column":21}},"81":{"start":{"line":254,"column":8},"end":{"line":254,"column":23}},"82":{"start":{"line":261,"column":21},"end":{"line":295,"column":1}},"83":{"start":{"line":264,"column":16},"end":{"line":264,"column":37}},"84":{"start":{"line":265,"column":22},"end":{"line":265,"column":50}},"85":{"start":{"line":266,"column":23},"end":{"line":266,"column":53}},"86":{"start":{"line":267,"column":19},"end":{"line":267,"column":43}},"87":{"start":{"line":268,"column":20},"end":{"line":268,"column":54}},"88":{"start":{"line":269,"column":26},"end":{"line":269,"column":57}},"89":{"start":{"line":270,"column":27},"end":{"line":270,"column":59}},"90":{"start":{"line":271,"column":20},"end":{"line":271,"column":45}},"91":{"start":{"line":272,"column":21},"end":{"line":272,"column":47}},"92":{"start":{"line":273,"column":21},"end":{"line":273,"column":47}},"93":{"start":{"line":274,"column":22},"end":{"line":274,"column":49}},"94":{"start":{"line":275,"column":19},"end":{"line":275,"column":56}},"95":{"start":{"line":277,"column":15},"end":{"line":285,"column":3}},"96":{"start":{"line":287,"column":2},"end":{"line":294,"column":5}},"97":{"start":{"line":288,"column":4},"end":{"line":293,"column":5}},"98":{"start":{"line":289,"column":6},"end":{"line":289,"column":23}},"99":{"start":{"line":290,"column":6},"end":{"line":290,"column":19}},"100":{"start":{"line":292,"column":6},"end":{"line":292,"column":21}},"101":{"start":{"line":297,"column":0},"end":{"line":307,"column":1}}},"fnMap":{"0":{"name":"(anonymous_0)","decl":{"start":{"line":13,"column":19},"end":{"line":13,"column":20}},"loc":{"start":{"line":13,"column":28},"end":{"line":13,"column":51}},"line":13},"1":{"name":"(anonymous_1)","decl":{"start":{"line":20,"column":15},"end":{"line":20,"column":16}},"loc":{"start":{"line":20,"column":40},"end":{"line":37,"column":1}},"line":20},"2":{"name":"(anonymous_2)","decl":{"start":{"line":40,"column":15},"end":{"line":40,"column":16}},"loc":{"start":{"line":40,"column":40},"end":{"line":71,"column":1}},"line":40},"3":{"name":"(anonymous_3)","decl":{"start":{"line":54,"column":5},"end":{"line":54,"column":6}},"loc":{"start":{"line":54,"column":20},"end":{"line":70,"column":3}},"line":54},"4":{"name":"(anonymous_4)","decl":{"start":{"line":78,"column":13},"end":{"line":78,"column":14}},"loc":{"start":{"line":78,"column":38},"end":{"line":94,"column":1}},"line":78},"5":{"name":"(anonymous_5)","decl":{"start":{"line":86,"column":7},"end":{"line":86,"column":8}},"loc":{"start":{"line":86,"column":22},"end":{"line":93,"column":3}},"line":86},"6":{"name":"(anonymous_6)","decl":{"start":{"line":97,"column":14},"end":{"line":97,"column":15}},"loc":{"start":{"line":97,"column":39},"end":{"line":112,"column":1}},"line":97},"7":{"name":"(anonymous_7)","decl":{"start":{"line":104,"column":7},"end":{"line":104,"column":8}},"loc":{"start":{"line":104,"column":22},"end":{"line":111,"column":3}},"line":104},"8":{"name":"(anonymous_8)","decl":{"start":{"line":115,"column":15},"end":{"line":115,"column":16}},"loc":{"start":{"line":115,"column":40},"end":{"line":131,"column":1}},"line":115},"9":{"name":"(anonymous_9)","decl":{"start":{"line":123,"column":26},"end":{"line":123,"column":27}},"loc":{"start":{"line":123,"column":41},"end":{"line":130,"column":3}},"line":123},"10":{"name":"(anonymous_10)","decl":{"start":{"line":134,"column":20},"end":{"line":134,"column":21}},"loc":{"start":{"line":134,"column":45},"end":{"line":153,"column":1}},"line":134},"11":{"name":"(anonymous_11)","decl":{"start":{"line":145,"column":26},"end":{"line":145,"column":27}},"loc":{"start":{"line":145,"column":41},"end":{"line":152,"column":3}},"line":145},"12":{"name":"(anonymous_12)","decl":{"start":{"line":160,"column":18},"end":{"line":160,"column":19}},"loc":{"start":{"line":160,"column":43},"end":{"line":206,"column":1}},"line":160},"13":{"name":"(anonymous_13)","decl":{"start":{"line":186,"column":29},"end":{"line":186,"column":30}},"loc":{"start":{"line":186,"column":44},"end":{"line":193,"column":5}},"line":186},"14":{"name":"(anonymous_14)","decl":{"start":{"line":197,"column":29},"end":{"line":197,"column":30}},"loc":{"start":{"line":197,"column":44},"end":{"line":204,"column":5}},"line":197},"15":{"name":"(anonymous_15)","decl":{"start":{"line":209,"column":19},"end":{"line":209,"column":20}},"loc":{"start":{"line":209,"column":44},"end":{"line":258,"column":1}},"line":209},"16":{"name":"(anonymous_16)","decl":{"start":{"line":238,"column":29},"end":{"line":238,"column":30}},"loc":{"start":{"line":238,"column":44},"end":{"line":245,"column":5}},"line":238},"17":{"name":"(anonymous_17)","decl":{"start":{"line":249,"column":29},"end":{"line":249,"column":30}},"loc":{"start":{"line":249,"column":44},"end":{"line":256,"column":5}},"line":249},"18":{"name":"(anonymous_18)","decl":{"start":{"line":261,"column":21},"end":{"line":261,"column":22}},"loc":{"start":{"line":261,"column":46},"end":{"line":295,"column":1}},"line":261},"19":{"name":"(anonymous_19)","decl":{"start":{"line":287,"column":27},"end":{"line":287,"column":28}},"loc":{"start":{"line":287,"column":42},"end":{"line":294,"column":3}},"line":287}},"branchMap":{"0":{"loc":{"start":{"line":13,"column":28},"end":{"line":13,"column":51}},"type":"binary-expr","locations":[{"start":{"line":13,"column":28},"end":{"line":13,"column":31}},{"start":{"line":13,"column":35},"end":{"line":13,"column":51}}],"line":13},"1":{"loc":{"start":{"line":27,"column":2},"end":{"line":36,"column":3}},"type":"if","locations":[{"start":{"line":27,"column":2},"end":{"line":36,"column":3}},{"start":{"line":30,"column":9},"end":{"line":36,"column":3}}],"line":27},"2":{"loc":{"start":{"line":30,"column":9},"end":{"line":36,"column":3}},"type":"if","locations":[{"start":{"line":30,"column":9},"end":{"line":36,"column":3}},{"start":{"line":33,"column":9},"end":{"line":36,"column":3}}],"line":30},"3":{"loc":{"start":{"line":44,"column":19},"end":{"line":44,"column":56}},"type":"cond-expr","locations":[{"start":{"line":44,"column":51},"end":{"line":44,"column":52}},{"start":{"line":44,"column":55},"end":{"line":44,"column":56}}],"line":44},"4":{"loc":{"start":{"line":55,"column":4},"end":{"line":69,"column":5}},"type":"if","locations":[{"start":{"line":55,"column":4},"end":{"line":69,"column":5}},{"start":{"line":60,"column":11},"end":{"line":69,"column":5}}],"line":55},"5":{"loc":{"start":{"line":55,"column":8},"end":{"line":55,"column":32}},"type":"binary-expr","locations":[{"start":{"line":55,"column":8},"end":{"line":55,"column":11}},{"start":{"line":55,"column":15},"end":{"line":55,"column":32}}],"line":55},"6":{"loc":{"start":{"line":87,"column":4},"end":{"line":92,"column":5}},"type":"if","locations":[{"start":{"line":87,"column":4},"end":{"line":92,"column":5}},{"start":{"line":90,"column":11},"end":{"line":92,"column":5}}],"line":87},"7":{"loc":{"start":{"line":87,"column":8},"end":{"line":87,"column":32}},"type":"binary-expr","locations":[{"start":{"line":87,"column":8},"end":{"line":87,"column":11}},{"start":{"line":87,"column":15},"end":{"line":87,"column":32}}],"line":87},"8":{"loc":{"start":{"line":105,"column":4},"end":{"line":110,"column":5}},"type":"if","locations":[{"start":{"line":105,"column":4},"end":{"line":110,"column":5}},{"start":{"line":108,"column":11},"end":{"line":110,"column":5}}],"line":105},"9":{"loc":{"start":{"line":105,"column":8},"end":{"line":105,"column":32}},"type":"binary-expr","locations":[{"start":{"line":105,"column":8},"end":{"line":105,"column":11}},{"start":{"line":105,"column":15},"end":{"line":105,"column":32}}],"line":105},"10":{"loc":{"start":{"line":124,"column":4},"end":{"line":129,"column":5}},"type":"if","locations":[{"start":{"line":124,"column":4},"end":{"line":129,"column":5}},{"start":{"line":127,"column":11},"end":{"line":129,"column":5}}],"line":124},"11":{"loc":{"start":{"line":124,"column":8},"end":{"line":124,"column":32}},"type":"binary-expr","locations":[{"start":{"line":124,"column":8},"end":{"line":124,"column":11}},{"start":{"line":124,"column":15},"end":{"line":124,"column":32}}],"line":124},"12":{"loc":{"start":{"line":146,"column":4},"end":{"line":151,"column":5}},"type":"if","locations":[{"start":{"line":146,"column":4},"end":{"line":151,"column":5}},{"start":{"line":149,"column":11},"end":{"line":151,"column":5}}],"line":146},"13":{"loc":{"start":{"line":146,"column":8},"end":{"line":146,"column":32}},"type":"binary-expr","locations":[{"start":{"line":146,"column":8},"end":{"line":146,"column":11}},{"start":{"line":146,"column":15},"end":{"line":146,"column":32}}],"line":146},"14":{"loc":{"start":{"line":163,"column":19},"end":{"line":163,"column":65}},"type":"cond-expr","locations":[{"start":{"line":163,"column":41},"end":{"line":163,"column":60}},{"start":{"line":163,"column":63},"end":{"line":163,"column":65}}],"line":163},"15":{"loc":{"start":{"line":183,"column":2},"end":{"line":205,"column":3}},"type":"if","locations":[{"start":{"line":183,"column":2},"end":{"line":205,"column":3}},{"start":{"line":194,"column":9},"end":{"line":205,"column":3}}],"line":183},"16":{"loc":{"start":{"line":187,"column":6},"end":{"line":192,"column":7}},"type":"if","locations":[{"start":{"line":187,"column":6},"end":{"line":192,"column":7}},{"start":{"line":190,"column":13},"end":{"line":192,"column":7}}],"line":187},"17":{"loc":{"start":{"line":187,"column":10},"end":{"line":187,"column":34}},"type":"binary-expr","locations":[{"start":{"line":187,"column":10},"end":{"line":187,"column":13}},{"start":{"line":187,"column":17},"end":{"line":187,"column":34}}],"line":187},"18":{"loc":{"start":{"line":198,"column":6},"end":{"line":203,"column":7}},"type":"if","locations":[{"start":{"line":198,"column":6},"end":{"line":203,"column":7}},{"start":{"line":201,"column":13},"end":{"line":203,"column":7}}],"line":198},"19":{"loc":{"start":{"line":198,"column":10},"end":{"line":198,"column":34}},"type":"binary-expr","locations":[{"start":{"line":198,"column":10},"end":{"line":198,"column":13}},{"start":{"line":198,"column":17},"end":{"line":198,"column":34}}],"line":198},"20":{"loc":{"start":{"line":214,"column":19},"end":{"line":214,"column":65}},"type":"cond-expr","locations":[{"start":{"line":214,"column":41},"end":{"line":214,"column":60}},{"start":{"line":214,"column":63},"end":{"line":214,"column":65}}],"line":214},"21":{"loc":{"start":{"line":235,"column":2},"end":{"line":257,"column":3}},"type":"if","locations":[{"start":{"line":235,"column":2},"end":{"line":257,"column":3}},{"start":{"line":246,"column":9},"end":{"line":257,"column":3}}],"line":235},"22":{"loc":{"start":{"line":239,"column":6},"end":{"line":244,"column":7}},"type":"if","locations":[{"start":{"line":239,"column":6},"end":{"line":244,"column":7}},{"start":{"line":242,"column":13},"end":{"line":244,"column":7}}],"line":239},"23":{"loc":{"start":{"line":239,"column":10},"end":{"line":239,"column":34}},"type":"binary-expr","locations":[{"start":{"line":239,"column":10},"end":{"line":239,"column":13}},{"start":{"line":239,"column":17},"end":{"line":239,"column":34}}],"line":239},"24":{"loc":{"start":{"line":250,"column":6},"end":{"line":255,"column":7}},"type":"if","locations":[{"start":{"line":250,"column":6},"end":{"line":255,"column":7}},{"start":{"line":253,"column":13},"end":{"line":255,"column":7}}],"line":250},"25":{"loc":{"start":{"line":250,"column":10},"end":{"line":250,"column":34}},"type":"binary-expr","locations":[{"start":{"line":250,"column":10},"end":{"line":250,"column":13}},{"start":{"line":250,"column":17},"end":{"line":250,"column":34}}],"line":250},"26":{"loc":{"start":{"line":264,"column":16},"end":{"line":264,"column":37}},"type":"binary-expr","locations":[{"start":{"line":264,"column":16},"end":{"line":264,"column":31}},{"start":{"line":264,"column":35},"end":{"line":264,"column":37}}],"line":264},"27":{"loc":{"start":{"line":265,"column":22},"end":{"line":265,"column":50}},"type":"binary-expr","locations":[{"start":{"line":265,"column":22},"end":{"line":265,"column":44}},{"start":{"line":265,"column":48},"end":{"line":265,"column":50}}],"line":265},"28":{"loc":{"start":{"line":266,"column":23},"end":{"line":266,"column":53}},"type":"binary-expr","locations":[{"start":{"line":266,"column":23},"end":{"line":266,"column":46}},{"start":{"line":266,"column":50},"end":{"line":266,"column":53}}],"line":266},"29":{"loc":{"start":{"line":267,"column":19},"end":{"line":267,"column":43}},"type":"binary-expr","locations":[{"start":{"line":267,"column":19},"end":{"line":267,"column":38}},{"start":{"line":267,"column":42},"end":{"line":267,"column":43}}],"line":267},"30":{"loc":{"start":{"line":268,"column":20},"end":{"line":268,"column":54}},"type":"binary-expr","locations":[{"start":{"line":268,"column":20},"end":{"line":268,"column":40}},{"start":{"line":268,"column":44},"end":{"line":268,"column":54}}],"line":268},"31":{"loc":{"start":{"line":269,"column":26},"end":{"line":269,"column":57}},"type":"binary-expr","locations":[{"start":{"line":269,"column":26},"end":{"line":269,"column":52}},{"start":{"line":269,"column":56},"end":{"line":269,"column":57}}],"line":269},"32":{"loc":{"start":{"line":270,"column":27},"end":{"line":270,"column":59}},"type":"binary-expr","locations":[{"start":{"line":270,"column":27},"end":{"line":270,"column":54}},{"start":{"line":270,"column":58},"end":{"line":270,"column":59}}],"line":270},"33":{"loc":{"start":{"line":271,"column":20},"end":{"line":271,"column":45}},"type":"binary-expr","locations":[{"start":{"line":271,"column":20},"end":{"line":271,"column":40}},{"start":{"line":271,"column":44},"end":{"line":271,"column":45}}],"line":271},"34":{"loc":{"start":{"line":272,"column":21},"end":{"line":272,"column":47}},"type":"binary-expr","locations":[{"start":{"line":272,"column":21},"end":{"line":272,"column":42}},{"start":{"line":272,"column":46},"end":{"line":272,"column":47}}],"line":272},"35":{"loc":{"start":{"line":273,"column":21},"end":{"line":273,"column":47}},"type":"binary-expr","locations":[{"start":{"line":273,"column":21},"end":{"line":273,"column":42}},{"start":{"line":273,"column":46},"end":{"line":273,"column":47}}],"line":273},"36":{"loc":{"start":{"line":274,"column":22},"end":{"line":274,"column":49}},"type":"binary-expr","locations":[{"start":{"line":274,"column":22},"end":{"line":274,"column":44}},{"start":{"line":274,"column":48},"end":{"line":274,"column":49}}],"line":274},"37":{"loc":{"start":{"line":275,"column":19},"end":{"line":275,"column":56}},"type":"cond-expr","locations":[{"start":{"line":275,"column":51},"end":{"line":275,"column":52}},{"start":{"line":275,"column":55},"end":{"line":275,"column":56}}],"line":275},"38":{"loc":{"start":{"line":288,"column":4},"end":{"line":293,"column":5}},"type":"if","locations":[{"start":{"line":288,"column":4},"end":{"line":293,"column":5}},{"start":{"line":291,"column":11},"end":{"line":293,"column":5}}],"line":288},"39":{"loc":{"start":{"line":288,"column":8},"end":{"line":288,"column":32}},"type":"binary-expr","locations":[{"start":{"line":288,"column":8},"end":{"line":288,"column":11}},{"start":{"line":288,"column":15},"end":{"line":288,"column":32}}],"line":288}},"s":{"0":1,"1":1,"2":1,"3":1,"4":1,"5":1,"6":2,"7":2,"8":2,"9":1,"10":1,"11":1,"12":0,"13":1,"14":1,"15":1,"16":1,"17":0,"18":0,"19":1,"20":1,"21":1,"22":1,"23":1,"24":0,"25":0,"26":1,"27":1,"28":1,"29":1,"30":1,"31":0,"32":0,"33":1,"34":1,"35":1,"36":1,"37":1,"38":0,"39":0,"40":1,"41":1,"42":1,"43":1,"44":1,"45":1,"46":0,"47":0,"48":1,"49":1,"50":3,"51":3,"52":3,"53":3,"54":3,"55":3,"56":1,"57":1,"58":0,"59":0,"60":1,"61":2,"62":2,"63":0,"64":0,"65":2,"66":1,"67":3,"68":3,"69":3,"70":3,"71":3,"72":1,"73":1,"74":0,"75":0,"76":1,"77":2,"78":2,"79":0,"80":0,"81":2,"82":1,"83":2,"84":2,"85":2,"86":2,"87":2,"88":2,"89":2,"90":2,"91":2,"92":2,"93":2,"94":2,"95":2,"96":2,"97":2,"98":0,"99":0,"100":2,"101":1},"f":{"0":1,"1":2,"2":1,"3":1,"4":1,"5":1,"6":1,"7":1,"8":1,"9":1,"10":1,"11":1,"12":3,"13":1,"14":2,"15":3,"16":1,"17":2,"18":2,"19":2},"b":{"0":[1,0],"1":[1,1],"2":[1,0],"3":[0,1],"4":[0,1],"5":[1,1],"6":[0,1],"7":[1,1],"8":[0,1],"9":[1,1],"10":[0,1],"11":[1,1],"12":[0,1],"13":[1,1],"14":[1,2],"15":[1,2],"16":[0,1],"17":[1,1],"18":[0,2],"19":[2,2],"20":[1,2],"21":[1,2],"22":[0,1],"23":[1,1],"24":[0,2],"25":[2,2],"26":[2,1],"27":[2,2],"28":[2,2],"29":[2,2],"30":[2,2],"31":[2,2],"32":[2,2],"33":[2,1],"34":[2,2],"35":[2,1],"36":[2,1],"37":[1,1],"38":[0,2],"39":[2,2]},"_coverageSchema":"1a1c01bbd47fc00a2c39e90264f33305004495a9","hash":"394c2e9096df0d5160328bd3c633050d142afa6d"}
,"/Users/shengyinsi/Library/CloudStorage/GoogleDrive-sisy@seas.upenn.edu/My Drive/MCIT/CIS550/HW2/HW2_student/server/server.js": {"path":"/Users/shengyinsi/Library/CloudStorage/GoogleDrive-sisy@seas.upenn.edu/My Drive/MCIT/CIS550/HW2/HW2_student/server/server.js","statementMap":{"0":{"start":{"line":1,"column":16},"end":{"line":1,"column":34}},"1":{"start":{"line":2,"column":13},"end":{"line":2,"column":28}},"2":{"start":{"line":3,"column":15},"end":{"line":3,"column":34}},"3":{"start":{"line":4,"column":15},"end":{"line":4,"column":34}},"4":{"start":{"line":6,"column":12},"end":{"line":6,"column":21}},"5":{"start":{"line":7,"column":0},"end":{"line":9,"column":4}},"6":{"start":{"line":13,"column":0},"end":{"line":13,"column":40}},"7":{"start":{"line":14,"column":0},"end":{"line":14,"column":34}},"8":{"start":{"line":15,"column":0},"end":{"line":15,"column":39}},"9":{"start":{"line":16,"column":0},"end":{"line":16,"column":42}},"10":{"start":{"line":17,"column":0},"end":{"line":17,"column":34}},"11":{"start":{"line":18,"column":0},"end":{"line":18,"column":54}},"12":{"start":{"line":19,"column":0},"end":{"line":19,"column":40}},"13":{"start":{"line":20,"column":0},"end":{"line":20,"column":42}},"14":{"start":{"line":21,"column":0},"end":{"line":21,"column":46}},"15":{"start":{"line":23,"column":0},"end":{"line":25,"column":3}},"16":{"start":{"line":24,"column":2},"end":{"line":24,"column":86}},"17":{"start":{"line":27,"column":0},"end":{"line":27,"column":21}}},"fnMap":{"0":{"name":"(anonymous_0)","decl":{"start":{"line":23,"column":31},"end":{"line":23,"column":32}},"loc":{"start":{"line":23,"column":37},"end":{"line":25,"column":1}},"line":23}},"branchMap":{},"s":{"0":1,"1":1,"2":1,"3":1,"4":1,"5":1,"6":1,"7":1,"8":1,"9":1,"10":1,"11":1,"12":1,"13":1,"14":1,"15":1,"16":1,"17":1},"f":{"0":1},"b":{},"_coverageSchema":"1a1c01bbd47fc00a2c39e90264f33305004495a9","hash":"5d74a27933fd5330aac80717dce20fcb7c75ae60"}
}
