TN:
SF:routes.js
FN:13,(anonymous_0)
FN:20,(anonymous_1)
FN:40,(anonymous_2)
FN:54,(anonymous_3)
FN:78,(anonymous_4)
FN:86,(anonymous_5)
FN:97,(anonymous_6)
FN:104,(anonymous_7)
FN:115,(anonymous_8)
FN:123,(anonymous_9)
FN:134,(anonymous_10)
FN:145,(anonymous_11)
FN:160,(anonymous_12)
FN:186,(anonymous_13)
FN:197,(anonymous_14)
FN:209,(anonymous_15)
FN:238,(anonymous_16)
FN:249,(anonymous_17)
FN:261,(anonymous_18)
FN:287,(anonymous_19)
FNF:20
FNH:20
FNDA:1,(anonymous_0)
FNDA:2,(anonymous_1)
FNDA:1,(anonymous_2)
FNDA:1,(anonymous_3)
FNDA:1,(anonymous_4)
FNDA:1,(anonymous_5)
FNDA:1,(anonymous_6)
FNDA:1,(anonymous_7)
FNDA:1,(anonymous_8)
FNDA:1,(anonymous_9)
FNDA:1,(anonymous_10)
FNDA:1,(anonymous_11)
FNDA:3,(anonymous_12)
FNDA:1,(anonymous_13)
FNDA:2,(anonymous_14)
FNDA:3,(anonymous_15)
FNDA:1,(anonymous_16)
FNDA:2,(anonymous_17)
FNDA:2,(anonymous_18)
FNDA:2,(anonymous_19)
DA:1,1
DA:2,1
DA:6,1
DA:13,1
DA:20,1
DA:22,2
DA:23,2
DA:27,2
DA:29,1
DA:30,1
DA:32,1
DA:35,0
DA:40,1
DA:44,1
DA:48,1
DA:55,1
DA:58,0
DA:59,0
DA:65,1
DA:78,1
DA:81,1
DA:82,1
DA:87,1
DA:88,0
DA:89,0
DA:91,1
DA:97,1
DA:99,1
DA:100,1
DA:105,1
DA:106,0
DA:107,0
DA:109,1
DA:115,1
DA:118,1
DA:123,1
DA:124,1
DA:125,0
DA:126,0
DA:128,1
DA:134,1
DA:136,1
DA:137,1
DA:145,1
DA:146,1
DA:147,0
DA:148,0
DA:150,1
DA:160,1
DA:161,3
DA:163,3
DA:164,3
DA:165,3
DA:173,3
DA:183,3
DA:186,1
DA:187,1
DA:188,0
DA:189,0
DA:191,1
DA:197,2
DA:198,2
DA:199,0
DA:200,0
DA:202,2
DA:209,1
DA:212,3
DA:214,3
DA:216,3
DA:225,3
DA:235,3
DA:238,1
DA:239,1
DA:240,0
DA:241,0
DA:243,1
DA:249,2
DA:250,2
DA:251,0
DA:252,0
DA:254,2
DA:261,1
DA:264,2
DA:265,2
DA:266,2
DA:267,2
DA:268,2
DA:269,2
DA:270,2
DA:271,2
DA:272,2
DA:273,2
DA:274,2
DA:275,2
DA:277,2
DA:287,2
DA:288,2
DA:289,0
DA:290,0
DA:292,2
DA:297,1
LF:101
LH:80
BRDA:13,0,0,1
BRDA:13,0,1,0
BRDA:27,1,0,1
BRDA:27,1,1,1
BRDA:30,2,0,1
BRDA:30,2,1,0
BRDA:44,3,0,0
BRDA:44,3,1,1
BRDA:55,4,0,0
BRDA:55,4,1,1
BRDA:55,5,0,1
BRDA:55,5,1,1
BRDA:87,6,0,0
BRDA:87,6,1,1
BRDA:87,7,0,1
BRDA:87,7,1,1
BRDA:105,8,0,0
BRDA:105,8,1,1
BRDA:105,9,0,1
BRDA:105,9,1,1
BRDA:124,10,0,0
BRDA:124,10,1,1
BRDA:124,11,0,1
BRDA:124,11,1,1
BRDA:146,12,0,0
BRDA:146,12,1,1
BRDA:146,13,0,1
BRDA:146,13,1,1
BRDA:163,14,0,1
BRDA:163,14,1,2
BRDA:183,15,0,1
BRDA:183,15,1,2
BRDA:187,16,0,0
BRDA:187,16,1,1
BRDA:187,17,0,1
BRDA:187,17,1,1
BRDA:198,18,0,0
BRDA:198,18,1,2
BRDA:198,19,0,2
BRDA:198,19,1,2
BRDA:214,20,0,1
BRDA:214,20,1,2
BRDA:235,21,0,1
BRDA:235,21,1,2
BRDA:239,22,0,0
BRDA:239,22,1,1
BRDA:239,23,0,1
BRDA:239,23,1,1
BRDA:250,24,0,0
BRDA:250,24,1,2
BRDA:250,25,0,2
BRDA:250,25,1,2
BRDA:264,26,0,2
BRDA:264,26,1,1
BRDA:265,27,0,2
BRDA:265,27,1,2
BRDA:266,28,0,2
BRDA:266,28,1,2
BRDA:267,29,0,2
BRDA:267,29,1,2
BRDA:268,30,0,2
BRDA:268,30,1,2
BRDA:269,31,0,2
BRDA:269,31,1,2
BRDA:270,32,0,2
BRDA:270,32,1,2
BRDA:271,33,0,2
BRDA:271,33,1,1
BRDA:272,34,0,2
BRDA:272,34,1,2
BRDA:273,35,0,2
BRDA:273,35,1,1
BRDA:274,36,0,2
BRDA:274,36,1,1
BRDA:275,37,0,1
BRDA:275,37,1,1
BRDA:288,38,0,0
BRDA:288,38,1,2
BRDA:288,39,0,2
BRDA:288,39,1,2
BRF:80
BRH:67
end_of_record
TN:
SF:server.js
FN:23,(anonymous_0)
FNF:1
FNH:1
FNDA:1,(anonymous_0)
DA:1,1
DA:2,1
DA:3,1
DA:4,1
DA:6,1
DA:7,1
DA:13,1
DA:14,1
DA:15,1
DA:16,1
DA:17,1
DA:18,1
DA:19,1
DA:20,1
DA:21,1
DA:23,1
DA:24,1
DA:27,1
LF:18
LH:18
BRF:0
BRH:0
end_of_record
